Using pre-set license
Built from '2020.3/release' branch; Version is '2020.3.44f1 (7f159b6136da) revision 8328603'; Using compiler version '192528614'; Build Type 'Release'
OS: 'Windows 11  (10.0.22621) 64bit Core' Language: 'pl' Physical Memory: 16075 MB
BatchMode: 1, IsHumanControllingUs: 0, StartBugReporterOnCrash: 0, Is64bit: 1, IsPro: 0

COMMAND LINE ARGUMENTS:
C:\Program Files\Unity\Hub\Editor\2020.3.44f1\Editor\Unity.exe
-adb2
-batchMode
-noUpm
-name
AssetImportWorker0
-projectPath
C:/Users/antek/Desktop/Fajne_rzeczy/Gry unity/Half Life 3
-logFile
Logs/AssetImportWorker0.log
-srvPort
51648
Successfully changed project path to: C:/Users/antek/Desktop/Fajne_rzeczy/Gry unity/Half Life 3
C:/Users/antek/Desktop/Fajne_rzeczy/Gry unity/Half Life 3
Using Asset Import Pipeline V2.
Player connection [12280] Host "[IP] 192.168.8.122 [Port] 805521568 [Flags] 2 [Guid] 3855657403 [EditorId] 3855657403 [Version] 1048832 [Id] WindowsEditor(7,LAPTOP-F16UGE5M) [Debug] 1 [PackageName] WindowsEditor [ProjectName] Editor" joined multi-casting on [225.0.0.222:54997]...

Player connection [12280] Host "[IP] 192.168.8.122 [Port] 805521568 [Flags] 2 [Guid] 3855657403 [EditorId] 3855657403 [Version] 1048832 [Id] WindowsEditor(7,LAPTOP-F16UGE5M) [Debug] 1 [PackageName] WindowsEditor [ProjectName] Editor" joined alternative multi-casting on [225.0.0.222:34997]...

Refreshing native plugins compatible for Editor in 24.65 ms, found 2 plugins.
Preloading 0 native plugins for Editor in 0.00 ms.
Initialize engine version: 2020.3.44f1 (7f159b6136da)
[Subsystems] Discovering subsystems at path C:/Program Files/Unity/Hub/Editor/2020.3.44f1/Editor/Data/Resources/UnitySubsystems
[Subsystems] Discovering subsystems at path C:/Users/antek/Desktop/Fajne_rzeczy/Gry unity/Half Life 3/Assets
GfxDevice: creating device client; threaded=0
Direct3D:
    Version:  Direct3D 11.0 [level 11.1]
    Renderer: NVIDIA GeForce RTX 3060 Laptop GPU (ID=0x2520)
    Vendor:   
    VRAM:     6009 MB
    Driver:   31.0.15.3118
Initialize mono
Mono path[0] = 'C:/Program Files/Unity/Hub/Editor/2020.3.44f1/Editor/Data/Managed'
Mono path[1] = 'C:/Program Files/Unity/Hub/Editor/2020.3.44f1/Editor/Data/MonoBleedingEdge/lib/mono/unityjit'
Mono config path = 'C:/Program Files/Unity/Hub/Editor/2020.3.44f1/Editor/Data/MonoBleedingEdge/etc'
Using monoOptions --debugger-agent=transport=dt_socket,embedding=1,server=y,suspend=n,address=127.0.0.1:56580
Begin MonoManager ReloadAssembly
Registering precompiled unity dll's ...
Register platform support module: C:/Program Files/Unity/Hub/Editor/2020.3.44f1/Editor/Data/PlaybackEngines/WindowsStandaloneSupport/UnityEditor.WindowsStandalone.Extensions.dll
Registered in 0.001188 seconds.
Native extension for WindowsStandalone target not found
Refreshing native plugins compatible for Editor in 24.49 ms, found 2 plugins.
Preloading 0 native plugins for Editor in 0.00 ms.
Mono: successfully reloaded assembly
- Completed reload, in  0.484 seconds
Domain Reload Profiling:
	ReloadAssembly (485ms)
		BeginReloadAssembly (66ms)
			ExecutionOrderSort (0ms)
			DisableScriptedObjects (0ms)
			BackupInstance (0ms)
			ReleaseScriptingObjects (0ms)
			CreateAndSetChildDomain (1ms)
		EndReloadAssembly (359ms)
			LoadAssemblies (64ms)
			RebuildTransferFunctionScriptingTraits (0ms)
			SetupTypeCache (127ms)
			ReleaseScriptCaches (0ms)
			RebuildScriptCaches (24ms)
			SetupLoadedEditorAssemblies (123ms)
				LogAssemblyErrors (0ms)
				InitializePlatformSupportModulesInManaged (3ms)
				SetLoadedEditorAssemblies (1ms)
				RefreshPlugins (25ms)
				BeforeProcessingInitializeOnLoad (6ms)
				ProcessInitializeOnLoadAttributes (66ms)
				ProcessInitializeOnLoadMethodAttributes (22ms)
				AfterProcessingInitializeOnLoad (0ms)
				EditorAssembliesLoaded (0ms)
			ExecutionOrderSort2 (0ms)
			AwakeInstancesAfterBackupRestoration (0ms)
Platform modules already initialized, skipping
Registering precompiled user dll's ...
Registered in 0.002095 seconds.
Begin MonoManager ReloadAssembly
Native extension for WindowsStandalone target not found
Refreshing native plugins compatible for Editor in 0.29 ms, found 2 plugins.
Preloading 0 native plugins for Editor in 0.00 ms.
Mono: successfully reloaded assembly
- Completed reload, in  0.811 seconds
Domain Reload Profiling:
	ReloadAssembly (812ms)
		BeginReloadAssembly (102ms)
			ExecutionOrderSort (0ms)
			DisableScriptedObjects (3ms)
			BackupInstance (0ms)
			ReleaseScriptingObjects (0ms)
			CreateAndSetChildDomain (15ms)
		EndReloadAssembly (665ms)
			LoadAssemblies (78ms)
			RebuildTransferFunctionScriptingTraits (0ms)
			SetupTypeCache (228ms)
			ReleaseScriptCaches (0ms)
			RebuildScriptCaches (31ms)
			SetupLoadedEditorAssemblies (274ms)
				LogAssemblyErrors (0ms)
				InitializePlatformSupportModulesInManaged (4ms)
				SetLoadedEditorAssemblies (0ms)
				RefreshPlugins (0ms)
				BeforeProcessingInitializeOnLoad (53ms)
				ProcessInitializeOnLoadAttributes (201ms)
				ProcessInitializeOnLoadMethodAttributes (11ms)
				AfterProcessingInitializeOnLoad (4ms)
				EditorAssembliesLoaded (0ms)
			ExecutionOrderSort2 (0ms)
			AwakeInstancesAfterBackupRestoration (1ms)
Platform modules already initialized, skipping
========================================================================
Worker process is ready to serve import requests
Launched and connected shader compiler UnityShaderCompiler.exe after 0.05 seconds
Refreshing native plugins compatible for Editor in 0.35 ms, found 2 plugins.
Preloading 0 native plugins for Editor in 0.00 ms.
Unloading 1492 Unused Serialized files (Serialized files now loaded: 0)
System memory in use before: 68.1 MB.
System memory in use after: 68.1 MB.

Unloading 17 unused Assets to reduce memory usage. Loaded Objects now: 1928.
Total: 3.524900 ms (FindLiveObjects: 0.118900 ms CreateObjectMapping: 0.035000 ms MarkObjects: 3.265800 ms  DeleteObjects: 0.104100 ms)

AssetImportParameters requested are different than current active one (requested -> active):
  custom:framework-win-MediaFoundation: 216162199b28c13a410421893ffa2e32 -> 
  custom:video-decoder-ogg-theora: a1e56fd34408186e4bbccfd4996cb3dc -> 
  custom:container-muxer-webm: aa71ff27fc2769a1b78a27578f13a17b -> 
  custom:container-demuxer-webm: 4f35f7cbe854078d1ac9338744f61a02 -> 
  custom:container-demuxer-ogg: 62fdf1f143b41e24485cea50d1cbac27 -> 
  custom:video-encoder-webm-vp8: eb34c28f22e8b96e1ab97ce403110664 -> 
  custom:video-codec-MediaFoundation-h265: 746d11721c4dcdbdad8f713fa42b33f4 -> 
  custom:video-decoder-webm-vp8: 9c59270c3fd7afecdb556c50c9e8de78 -> 
  custom:audio-decoder-ogg-vorbis: bf7c407c2cedff20999df2af8eb42d56 -> 
  custom:audio-encoder-webm-vorbis: bf7c407c2cedff20999df2af8eb42d56 -> 
========================================================================
Received Import Request.
  path: Assets/Modele/Pistol 1
  artifactKey: Guid(e9ba95c1d4f51db4eb2f355be3b5061f) Importer(815301076,1909f56bfc062723c751e8b465ee728b)
Start importing Assets/Modele/Pistol 1 using Guid(e9ba95c1d4f51db4eb2f355be3b5061f) Importer(815301076,1909f56bfc062723c751e8b465ee728b)  -> (artifact id: 'c94c09a75e66b8ae5a777120605b1678') in 0.008707 seconds 
========================================================================
Received Import Request.
  Time since last request: 0.000242 seconds.
  path: Assets/Modele/Pistol 1/hl3-Pistol.fbx
  artifactKey: Guid(81e234106891c8747aeb0010156cd1cd) Importer(815301076,1909f56bfc062723c751e8b465ee728b)
Start importing Assets/Modele/Pistol 1/hl3-Pistol.fbx using Guid(81e234106891c8747aeb0010156cd1cd) Importer(815301076,1909f56bfc062723c751e8b465ee728b)  -> (artifact id: 'a98601ceb906aaba6993184896591733') in 0.143175 seconds 
========================================================================
Received Import Request.
  Time since last request: 0.000240 seconds.
  path: Assets/Modele/Pistol 1/v_pistol_sheet.tga
  artifactKey: Guid(0f8662f438ec7f24ea712a52818958d5) Importer(815301076,1909f56bfc062723c751e8b465ee728b)
Start importing Assets/Modele/Pistol 1/v_pistol_sheet.tga using Guid(0f8662f438ec7f24ea712a52818958d5) Importer(815301076,1909f56bfc062723c751e8b465ee728b)  -> (artifact id: '20f2231162917bcea9c55b42bf669857') in 0.017507 seconds 
========================================================================
Received Import Request.
  Time since last request: 71.385322 seconds.
  path: Assets/Modele/Pistol 2
  artifactKey: Guid(2956cea54a990f94fa4ee5fc109c021a) Importer(815301076,1909f56bfc062723c751e8b465ee728b)
Start importing Assets/Modele/Pistol 2 using Guid(2956cea54a990f94fa4ee5fc109c021a) Importer(815301076,1909f56bfc062723c751e8b465ee728b)  -> (artifact id: '12d7492e62cc9312c310bc0deff11d5e') in 0.006504 seconds 
========================================================================
Received Import Request.
  Time since last request: 0.053047 seconds.
  path: Assets/Modele/Pistol 2/hl3-Pistol.fbx
  artifactKey: Guid(daacc6daa60beae40ab6223e5d3875aa) Importer(815301076,1909f56bfc062723c751e8b465ee728b)
Start importing Assets/Modele/Pistol 2/hl3-Pistol.fbx using Guid(daacc6daa60beae40ab6223e5d3875aa) Importer(815301076,1909f56bfc062723c751e8b465ee728b)  -> (artifact id: '7b01d781f6b2f2a76ba61a7444a27418') in 0.046663 seconds 
========================================================================
Received Import Request.
  Time since last request: 0.000390 seconds.
  path: Assets/Modele/Pistol 2/v_pistol_sheet.tga
  artifactKey: Guid(3c511fecd46c3bd4db45c4f62f4110db) Importer(815301076,1909f56bfc062723c751e8b465ee728b)
Start importing Assets/Modele/Pistol 2/v_pistol_sheet.tga using Guid(3c511fecd46c3bd4db45c4f62f4110db) Importer(815301076,1909f56bfc062723c751e8b465ee728b)  -> (artifact id: '40740881019319e4e9d92fcdfda8e373') in 0.009295 seconds 
AssetImportWorkerClient::OnTransportError - code=2 error=End of file
